<?xml version="1.0" encoding="UTF-8"?>
<!-- Generated by org.testng.reporters.JUnitReportReporter -->
<testsuite hostname="DESKTOP-72HVRCC" failures="0" tests="1" name="testCases.TC001_AccountRegistrationTest" time="3.713" errors="0" timestamp="2025-04-09T17:15:08 IST" skipped="0">
  <testcase classname="testCases.TC001_AccountRegistrationTest" name="verify_Account_Registration" time="3.713"/>
</testsuite> <!-- testCases.TC001_AccountRegistrationTest -->
