<?xml version="1.0" encoding="UTF-8"?>
<!-- Generated by org.testng.reporters.JUnitReportReporter -->
<testsuite hostname="DESKTOP-72HVRCC" failures="0" tests="1" name="testCases.TC003_AddTocartIphone" time="6.367" errors="0" timestamp="2025-04-09T23:04:44 IST" skipped="0">
  <testcase classname="testCases.TC003_AddTocartIphone" name="verify_AddcartIphone" time="6.367"/>
</testsuite> <!-- testCases.TC003_AddTocartIphone -->
