<?xml version="1.0" encoding="UTF-8"?>
<!-- Generated by org.testng.reporters.JUnitReportReporter -->
<testsuite hostname="DESKTOP-72HVRCC" failures="0" tests="1" name="testCases.TC003_AddTocartIphone" time="7.131" errors="0" timestamp="2025-04-09T23:24:23 IST" skipped="0">
  <testcase classname="testCases.TC003_AddTocartIphone" name="verify_AddcartIphone" time="7.131"/>
</testsuite> <!-- testCases.TC003_AddTocartIphone -->
