<?xml version="1.0" encoding="UTF-8"?>
<!-- Generated by org.testng.reporters.JUnitReportReporter -->
<testsuite hostname="DESKTOP-72HVRCC" failures="0" tests="1" name="testCases.TC002_LoginTest" time="2.366" errors="0" timestamp="2025-04-09T12:50:42 IST" skipped="0">
  <testcase classname="testCases.TC002_LoginTest" name="verfiy_login" time="2.366"/>
</testsuite> <!-- testCases.TC002_LoginTest -->
